1526276392586	geckodriver	INFO	geckodriver 0.20.1
1526276392596	geckodriver	INFO	Listening on 127.0.0.1:62202
1526276395628	mozrunner::runner	INFO	Running command: "C:\\Program Files\\Mozilla Firefox\\firefox.exe" "-marionette" "-profile" "C:\\Users\\CHENEY~1\\AppData\\Local\\Temp\\rust_mozprofile.CY3HW1FgpML4"
Unable to read VR Path Registry from C:\Users\Cheney and Bean\AppData\Local\openvr\openvrpaths.vrpath
Unable to read VR Path Registry from C:\Users\Cheney and Bean\AppData\Local\openvr\openvrpaths.vrpath
Unable to read VR Path Registry from C:\Users\Cheney and Bean\AppData\Local\openvr\openvrpaths.vrpath
Unable to read VR Path Registry from C:\Users\Cheney and Bean\AppData\Local\openvr\openvrpaths.vrpath
Unable to read VR Path Registry from C:\Users\Cheney and Bean\AppData\Local\openvr\openvrpaths.vrpath
1526276398221	Marionette	INFO	Listening on port 62215
1526276398745	Marionette	WARN	TLS certificate errors will be ignored for this session
[Parent 11324, Gecko_IOThread] WARNING: pipe error: 109: file z:/build/build/src/ipc/chromium/src/chrome/common/ipc_channel_win.cc, line 346
[Parent 11324, Gecko_IOThread] WARNING: pipe error: 109: file z:/build/build/src/ipc/chromium/src/chrome/common/ipc_channel_win.cc, line 346
[Parent 11324, Gecko_IOThread] WARNING: pipe error: 109: file z:/build/build/src/ipc/chromium/src/chrome/common/ipc_channel_win.cc, line 346
[Child 16828, Chrome_ChildThread] WARNING: pipe error: 109: file z:/build/build/src/ipc/chromium/src/chrome/common/ipc_channel_win.cc, line 346
[Child 16828, Chrome_ChildThread] WARNING: pipe error: 109: file z:/build/build/src/ipc/chromium/src/chrome/common/ipc_channel_win.cc, line 346
[Child 16600, Chrome_ChildThread] WARNING: pipe error: 109: file z:/build/build/src/ipc/chromium/src/chrome/common/ipc_channel_win.cc, line 346
[Child 16600, Chrome_ChildThread] WARNING: pipe error: 109: file z:/build/build/src/ipc/chromium/src/chrome/common/ipc_channel_win.cc, line 346
[Parent 11324, Gecko_IOThread] WARNING: pipe error: 109: file z:/build/build/src/ipc/chromium/src/chrome/common/ipc_channel_win.cc, line 346
[Child 14404, Chrome_ChildThread] WARNING: pipe error: 109: file z:/build/build/src/ipc/chromium/src/chrome/common/ipc_channel_win.cc, line 346
[Child 14404, Chrome_ChildThread] WARN*** UTM:SVC TimerManager:registerTimer called after profile-before-change notification. Ignoring timer registration for id: telemetry_modules_ping

###!!! [Child][MessageChannel::SendAndWait] Error: Channel error: cannot send/recv

1526276519315	geckodriver	INFO	geckodriver 0.20.1
1526276519324	geckodriver	INFO	Listening on 127.0.0.1:62477
1526276522350	mozrunner::runner	INFO	Running command: "C:\\Program Files\\Mozilla Firefox\\firefox.exe" "-marionette" "-profile" "C:\\Users\\CHENEY~1\\AppData\\Local\\Temp\\rust_mozprofile.qqDIUQBFkfHP"
Unable to read VR Path Registry from C:\Users\Cheney and Bean\AppData\Local\openvr\openvrpaths.vrpath
Unable to read VR Path Registry from C:\Users\Cheney and Bean\AppData\Local\openvr\openvrpaths.vrpath
Unable to read VR Path Registry from C:\Users\Cheney and Bean\AppData\Local\openvr\openvrpaths.vrpath
Unable to read VR Path Registry from C:\Users\Cheney and Bean\AppData\Local\openvr\openvrpaths.vrpath
Unable to read VR Path Registry from C:\Users\Cheney and Bean\AppData\Local\openvr\openvrpaths.vrpath
1526276524625	Marionette	INFO	Listening on port 62491
1526276525476	Marionette	WARN	TLS certificate errors will be ignored for this session
[Parent 6872, Gecko_IOThread] WARNING: pipe error: 109: file z:/build/build/src/ipc/chromium/src/chrome/common/ipc_channel_win.cc, line 346
[Parent 6872, Gecko_IOThread] WARNING: pipe error: 109: file z:/build/build/src/ipc/chromium/src/chrome/common/ipc_channel_win.cc, line 346
Unable to read VR Path Registry from C:\Users\Cheney and Bean\AppData\Local\openvr\openvrpaths.vrpath
[Parent 6872, Gecko_IOThread] WARNING: pipe error: 109: file z:/build/build/src/ipc/chromium/src/chrome/common/ipc_channel_win.cc, line 346
[Parent 6872, Gecko_IOThread] WARNING: pipe error: 109: file z:/build/build/src/ipc/chromium/src/chrome/common/ipc_channel_win.cc, line 346
[Parent 6872, Gecko_IOThread] WARNING: pipe error: 109: file z:/build/build/src/ipc/chromium/src/chrome/common/ipc_channel_win.cc, line 346
[Child 9156, Chrome_ChildThread] WARNING: pipe error: 109: file z:/build/build/src/ipc/chromium/src/chrome/common/i[Parpc_chaent 6872, Gecko_IOThread] WAnnel_win.cc, line 346RNING:
 pipe error: 109: f[Child ile z:/build/build/src/ipc/chromium/src/chrome/common/ipc_channel_win.cc, line 346
9156, Chrome_ChildThread] WARNING: pipe error: 109: file z:/build/build[Child 14404, Chrome_ChildThread] WARNING: pip/e error: 109: file z:/build/build/srcsrc/ipc/chromium/src//ipc/chromium/src/chrome/common/ipc_channel_win.cc, line 346
[Child 14404, Chrome_ChildThread] WARNING: pipe error: 109: file z:/build/[Child 12[Child 17784, Chrome_ChildThread] WARNING: pipe error: 109: file z:/build/build/src/ipc/chromium/src/chrome/common/ipc_channel_win.cc, line 346
[Child 17784, Chrome_C[GPU 17576, Chrome_ChildThread] WARNING: pipe error: 109: file z:/build/build/src/ipc/chromium/src/chrome/common/ipc_channel_win.cc, line 346

###!!! [Child][MessageChannel::SendAndWait] Error: Channel error: cannot send/recv

1526276683462	geckodriver	INFO	geckodriver 0.20.1
1526276683475	geckodriver	INFO	Listening on 127.0.0.1:62884
1526276686499	mozrunner::runner	INFO	Running command: "C:\\Program Files\\Mozilla Firefox\\firefox.exe" "-marionette" "-profile" "C:\\Users\\CHENEY~1\\AppData\\Local\\Temp\\rust_mozprofile.eyQ9fU4QQAbT"
Unable to read VR Path Registry from C:\Users\Cheney and Bean\AppData\Local\openvr\openvrpaths.vrpath
Unable to read VR Path Registry from C:\Users\Cheney and Bean\AppData\Local\openvr\openvrpaths.vrpath
Unable to read VR Path Registry from C:\Users\Cheney and Bean\AppData\Local\openvr\openvrpaths.vrpath
Unable to read VR Path Registry from C:\Users\Cheney and Bean\AppData\Local\openvr\openvrpaths.vrpath
Unable to read VR Path Registry from C:\Users\Cheney and Bean\AppData\Local\openvr\openvrpaths.vrpath
1526276688988	Marionette	INFO	Listening on port 62896
1526276689615	Marionette	WARN	TLS certificate errors will be ignored for this session
[Parent 14252, Gecko_IOThread] WARNING: pipe error: 109: file z:/build/build/src/ipc/chromium/src/chrome/common/ipc_channel_win.cc, line 346
[Parent 14252, Gecko_IOThread] WARNING: pipe error: 109: file z:/build/build/src/ipc/chromium/src/chrome/common/ipc_channel_win.cc, line 346
[Parent 14252, Gecko_IOThread] WARNING: pipe error: 109: file z:/build/build/src/ipc/chromium/src/chrome/common/ipc_channel_win.cc, line 346
[Parent 14252, Gecko_IOThread] WARNING: pipe error: 109: file z:/build/build/src/ipc/chromium/src/chrome/common/ipc_channel_win.cc, line 346
[Child 2320, Chrome_ChildThread] WARNING: pipe error: 109: file z:/build/build/src/ipc/chromium/src/chrome/common/ipc_channel_win.cc, line 346
[Child 2320, Chrome_ChildThread] WARNING: pipe error: 109: file z:/build/build/src/ipc/chromium/src/chrome/common/ipc_channel_win.cc, line 346
[Child 1252, Chrome_ChildThread] WARNING: pipe error: 109: file z:/build/build/src/ipc/chromium/src/chrome/common/ipc_channel_win.cc, line 346
[Child 1252, Chrome_ChildThread] WARNING: pipe error: 109: file [Parent 14252, Gecko_IOThread] WARNING: pipe error: 109: file z:/build/build/src/ipc/chromium/src/chrome/common/ipc_channel_win.cc, line 346
[Child 2640, Chrome_ChildThread] WARNING: pipe error: 109: file z:/build/build/src/ipc/chromium/src/chrome/common/ipc_channel_win.cc, line 346
[Child 2640, Chrome_ChildThread*** UTM:SVC TimerManager:registerTimer called after profile-before-change notification. Ignoring timer registration for id: telemetry_modules_ping

###!!! [Child][MessageChannel::SendAndWait] Error: Channel error: cannot send/recv

